[debug] [2025-03-24T07:57:09.027Z] ----------------------------------------------------------------------
[debug] [2025-03-24T07:57:09.029Z] Command:       /opt/homebrew/Cellar/node/23.9.0/bin/node /opt/homebrew/bin/firebase functions:shell
[debug] [2025-03-24T07:57:09.029Z] CLI Version:   13.35.1
[debug] [2025-03-24T07:57:09.029Z] Platform:      darwin
[debug] [2025-03-24T07:57:09.029Z] Node Version:  v23.9.0
[debug] [2025-03-24T07:57:09.030Z] Time:          Mon Mar 24 2025 08:57:09 GMT+0100 (Central European Standard Time)
[debug] [2025-03-24T07:57:09.030Z] ----------------------------------------------------------------------
[debug] 
[debug] [2025-03-24T07:57:09.118Z] > command requires scopes: ["email","openid","https://www.googleapis.com/auth/cloudplatformprojects.readonly","https://www.googleapis.com/auth/firebase","https://www.googleapis.com/auth/cloud-platform"]
[debug] [2025-03-24T07:57:09.118Z] > authorizing via signed-in user (stefan@checkallie.com)
[debug] [2025-03-24T07:57:09.118Z] [iam] checking project parentload-ba995 for permissions ["firebase.projects.get"]
[debug] [2025-03-24T07:57:09.119Z] Checked if tokens are valid: true, expires at: 1742805730955
[debug] [2025-03-24T07:57:09.119Z] Checked if tokens are valid: true, expires at: 1742805730955
[debug] [2025-03-24T07:57:09.119Z] >>> [apiv2][query] POST https://cloudresourcemanager.googleapis.com/v1/projects/parentload-ba995:testIamPermissions [none]
[debug] [2025-03-24T07:57:09.119Z] >>> [apiv2][(partial)header] POST https://cloudresourcemanager.googleapis.com/v1/projects/parentload-ba995:testIamPermissions x-goog-quota-user=projects/parentload-ba995
[debug] [2025-03-24T07:57:09.119Z] >>> [apiv2][body] POST https://cloudresourcemanager.googleapis.com/v1/projects/parentload-ba995:testIamPermissions {"permissions":["firebase.projects.get"]}
[debug] [2025-03-24T07:57:09.881Z] <<< [apiv2][status] POST https://cloudresourcemanager.googleapis.com/v1/projects/parentload-ba995:testIamPermissions 200
[debug] [2025-03-24T07:57:09.881Z] <<< [apiv2][body] POST https://cloudresourcemanager.googleapis.com/v1/projects/parentload-ba995:testIamPermissions {"permissions":["firebase.projects.get"]}
[warn] ⚠  functions: Functions Emulator unable to start on port 5000, starting on 5001 instead. {"metadata":{"emulator":{"name":"functions"},"message":"Functions Emulator unable to start on port 5000, starting on 5001 instead."}}
[debug] [2025-03-24T07:57:10.025Z] [functions] Functions Emulator only supports listening on one address (127.0.0.1). Not listening on ::1
[debug] [2025-03-24T07:57:10.050Z] defaultcredentials: writing to file /Users/stefanpalsson/.config/firebase/stefan_checkallie_com_application_default_credentials.json
[debug] [2025-03-24T07:57:10.051Z] DEBUG: Setting GAC to /Users/stefanpalsson/.config/firebase/stefan_checkallie_com_application_default_credentials.json
[debug] [2025-03-24T07:57:10.051Z] Checked if tokens are valid: true, expires at: 1742805730955
[debug] [2025-03-24T07:57:10.051Z] Checked if tokens are valid: true, expires at: 1742805730955
[debug] [2025-03-24T07:57:10.051Z] >>> [apiv2][query] GET https://firebase.googleapis.com/v1beta1/projects/parentload-ba995/adminSdkConfig [none]
[debug] [2025-03-24T07:57:10.504Z] <<< [apiv2][status] GET https://firebase.googleapis.com/v1beta1/projects/parentload-ba995/adminSdkConfig 200
[debug] [2025-03-24T07:57:10.504Z] <<< [apiv2][body] GET https://firebase.googleapis.com/v1beta1/projects/parentload-ba995/adminSdkConfig {"projectId":"parentload-ba995","storageBucket":"parentload-ba995.firebasestorage.app"}
[debug] [2025-03-24T07:57:10.518Z] [functions] Watching "/Users/stefanpalsson/parentload copy/functions" for Cloud Functions...
[debug] [2025-03-24T07:57:10.523Z] Validating nodejs source
[debug] [2025-03-24T07:57:10.873Z] > [functions] package.json contents: {
  "name": "functions",
  "description": "Cloud Functions for Firebase",
  "scripts": {
    "serve": "firebase emulators:start --only functions",
    "shell": "firebase functions:shell",
    "start": "npm run shell",
    "deploy": "firebase deploy --only functions",
    "logs": "firebase functions:log"
  },
  "engines": {
    "node": "22"
  },
  "main": "index.js",
  "dependencies": {
    "axios": "^1.8.4",
    "firebase-admin": "^12.6.0",
    "firebase-functions": "^6.0.1"
  },
  "devDependencies": {
    "firebase-functions-test": "^3.1.0"
  },
  "private": true
}
[debug] [2025-03-24T07:57:10.873Z] Building nodejs source
[debug] [2025-03-24T07:57:10.873Z] Failed to find version of module node: reached end of search path /Users/stefanpalsson/parentload copy/functions/node_modules
[warn] ⚠  functions: Your requested "node" version "18" doesn't match your global version "23". Using node@23 from host. 
[debug] [2025-03-24T07:57:10.874Z] Could not find functions.yaml. Must use http discovery
[debug] [2025-03-24T07:57:10.878Z] Found firebase-functions binary at '/Users/stefanpalsson/parentload copy/functions/node_modules/.bin/firebase-functions'
[info] Serving at port 8522

[debug] [2025-03-24T07:57:11.078Z] Got response from /__/functions.yaml {"endpoints":{"callClaudeAPI":{"availableMemoryMb":null,"timeoutSeconds":null,"minInstances":null,"maxInstances":null,"ingressSettings":null,"concurrency":null,"serviceAccountEmail":null,"vpc":null,"platform":"gcfv2","labels":{},"callableTrigger":{},"entryPoint":"callClaudeAPI"},"testClaudeAPI":{"availableMemoryMb":null,"timeoutSeconds":null,"minInstances":null,"maxInstances":null,"ingressSettings":null,"concurrency":null,"serviceAccountEmail":null,"vpc":null,"platform":"gcfv2","labels":{},"httpsTrigger":{},"entryPoint":"testClaudeAPI"}},"specVersion":"v1alpha1","requiredAPIs":[],"extensions":{}}
